{
  "stats": {
    "suites": 1,
    "tests": 1,
    "passes": 1,
    "pending": 0,
    "failures": 0,
    "start": "2025-04-15T09:53:53.740Z",
    "end": "2025-04-15T09:53:54.574Z",
    "duration": 834,
    "testsRegistered": 1,
    "passPercent": 100,
    "pendingPercent": 0,
    "other": 0,
    "hasOther": false,
    "skipped": 0,
    "hasSkipped": false
  },
  "results": [
    {
      "uuid": "2ab8869e-8ff2-46f6-bb20-d25d76e1351e",
      "title": "",
      "fullFile": "cypress/api-test/04-PUT-request.js",
      "file": "cypress/api-test/04-PUT-request.js",
      "beforeHooks": [],
      "afterHooks": [],
      "tests": [],
      "suites": [
        {
          "uuid": "ce760f20-6b16-4a54-94bd-cbce9eda7025",
          "title": "Test PUT method request",
          "fullFile": "",
          "file": "",
          "beforeHooks": [],
          "afterHooks": [],
          "tests": [
            {
              "title": "should be able to send a request with PUT method",
              "fullTitle": "Test PUT method request should be able to send a request with PUT method",
              "timedOut": null,
              "duration": 743,
              "state": "passed",
              "speed": "fast",
              "pass": true,
              "fail": false,
              "pending": false,
              "context": null,
              "code": "let body = {\n  id: 1,\n  title: 'foo',\n  body: 'bar',\n  userId: 1\n};\ncy.request({\n  method: 'PUT',\n  url: 'https://jsonplaceholder.typicode.com/posts/1',\n  headers: {\n    'Content-type': 'application/json; charset=UTF-8'\n  },\n  body: body\n}).then(res => {\n  let {\n    status\n  } = res;\n  let resBody = res.body;\n  let {\n    userId,\n    id,\n    title,\n    body\n  } = resBody;\n  expect(status).to.eq(200, 'verifing responce header');\n  expect(userId).to.eq(resBody.userId, 'verifing userId');\n  expect(id).to.eq(resBody.id, 'verifing Id');\n  expect(title).to.eq(resBody.title, 'verifing Title');\n  expect(body).to.eq(resBody.body, 'verifing Body');\n});",
              "err": {},
              "uuid": "cb2c4e68-69ae-4167-bda6-0ebd06b9be13",
              "parentUUID": "ce760f20-6b16-4a54-94bd-cbce9eda7025",
              "isHook": false,
              "skipped": false
            }
          ],
          "suites": [],
          "passes": [
            "cb2c4e68-69ae-4167-bda6-0ebd06b9be13"
          ],
          "failures": [],
          "pending": [],
          "skipped": [],
          "duration": 743,
          "root": false,
          "rootEmpty": false,
          "_timeout": 2000
        }
      ],
      "passes": [],
      "failures": [],
      "pending": [],
      "skipped": [],
      "duration": 0,
      "root": true,
      "rootEmpty": true,
      "_timeout": 2000
    }
  ],
  "meta": {
    "mocha": {
      "version": "7.2.0"
    },
    "mochawesome": {
      "options": {
        "quiet": false,
        "reportFilename": "mochawesome",
        "saveHtml": false,
        "saveJson": true,
        "consoleReporter": "spec",
        "useInlineDiffs": false,
        "code": true
      },
      "version": "7.1.3"
    },
    "marge": {
      "options": {
        "reportDir": "results",
        "overwrite": false,
        "html": false,
        "json": true
      },
      "version": "6.2.0"
    }
  }
}