{
  "stats": {
    "suites": 1,
    "tests": 1,
    "passes": 1,
    "pending": 0,
    "failures": 0,
    "start": "2025-04-15T09:53:40.712Z",
    "end": "2025-04-15T09:53:41.166Z",
    "duration": 454,
    "testsRegistered": 1,
    "passPercent": 100,
    "pendingPercent": 0,
    "other": 0,
    "hasOther": false,
    "skipped": 0,
    "hasSkipped": false
  },
  "results": [
    {
      "uuid": "66c5ee16-abaf-48b7-a820-cb08dcf2574f",
      "title": "",
      "fullFile": "cypress/api-test/01-GET-request.js",
      "file": "cypress/api-test/01-GET-request.js",
      "beforeHooks": [],
      "afterHooks": [],
      "tests": [],
      "suites": [
        {
          "uuid": "e4924735-13af-4918-b9d8-ef4f9cae632b",
          "title": "Test GET Request",
          "fullFile": "",
          "file": "",
          "beforeHooks": [],
          "afterHooks": [],
          "tests": [
            {
              "title": "should be able to send GET request and veryfi the response",
              "fullTitle": "Test GET Request should be able to send GET request and veryfi the response",
              "timedOut": null,
              "duration": 379,
              "state": "passed",
              "speed": "fast",
              "pass": true,
              "fail": false,
              "pending": false,
              "context": null,
              "code": "cy.request({\n  url: 'https://jsonplaceholder.typicode.com/posts',\n  method: 'GET'\n}).then(response => {\n  // cy.log(JSON.stringify(response.body))\n  expect(response.status).to.eq(200);\n  expect(response.body.length).to.eq(100);\n});",
              "err": {},
              "uuid": "7072673f-2dc2-40f8-b772-aa6d1fab29a1",
              "parentUUID": "e4924735-13af-4918-b9d8-ef4f9cae632b",
              "isHook": false,
              "skipped": false
            }
          ],
          "suites": [],
          "passes": [
            "7072673f-2dc2-40f8-b772-aa6d1fab29a1"
          ],
          "failures": [],
          "pending": [],
          "skipped": [],
          "duration": 379,
          "root": false,
          "rootEmpty": false,
          "_timeout": 2000
        }
      ],
      "passes": [],
      "failures": [],
      "pending": [],
      "skipped": [],
      "duration": 0,
      "root": true,
      "rootEmpty": true,
      "_timeout": 2000
    }
  ],
  "meta": {
    "mocha": {
      "version": "7.2.0"
    },
    "mochawesome": {
      "options": {
        "quiet": false,
        "reportFilename": "mochawesome",
        "saveHtml": false,
        "saveJson": true,
        "consoleReporter": "spec",
        "useInlineDiffs": false,
        "code": true
      },
      "version": "7.1.3"
    },
    "marge": {
      "options": {
        "reportDir": "results",
        "overwrite": false,
        "html": false,
        "json": true
      },
      "version": "6.2.0"
    }
  }
}