{
  "stats": {
    "suites": 1,
    "tests": 1,
    "passes": 1,
    "pending": 0,
    "failures": 0,
    "start": "2025-04-15T09:53:47.317Z",
    "end": "2025-04-15T09:53:47.567Z",
    "duration": 250,
    "testsRegistered": 1,
    "passPercent": 100,
    "pendingPercent": 0,
    "other": 0,
    "hasOther": false,
    "skipped": 0,
    "hasSkipped": false
  },
  "results": [
    {
      "uuid": "c01bfe5c-038b-41f7-b754-583588b2b607",
      "title": "",
      "fullFile": "cypress/api-test/02-GET-request_more.js",
      "file": "cypress/api-test/02-GET-request_more.js",
      "beforeHooks": [],
      "afterHooks": [],
      "tests": [],
      "suites": [
        {
          "uuid": "820847c2-93bf-470f-b72f-c17fbc1d56c0",
          "title": "Test GET Request",
          "fullFile": "",
          "file": "",
          "beforeHooks": [],
          "afterHooks": [],
          "tests": [
            {
              "title": "should be able to send GET request and veryfi the response",
              "fullTitle": "Test GET Request should be able to send GET request and veryfi the response",
              "timedOut": null,
              "duration": 174,
              "state": "passed",
              "speed": "fast",
              "pass": true,
              "fail": false,
              "pending": false,
              "context": null,
              "code": "cy.request({\n  url: 'https://jsonplaceholder.typicode.com/posts',\n  method: 'GET'\n}).then(response => {\n  // destructure\n  let {\n    status,\n    body\n  } = response;\n  expect(status).to.eq(200);\n  expect(body.length).eq(100);\n  // get a ramdom element from array object\n  let ramdomObject = body[Math.floor(Math.random() * body.length)];\n  // veryfication\n  veryfiNotEmpty('userID', ramdomObject.userId);\n  veryfiNotEmpty('ID', ramdomObject.id);\n  veryfiNotEmpty('Title', ramdomObject.title);\n  veryfiNotEmpty('Body', ramdomObject.body);\n});",
              "err": {},
              "uuid": "5f5b9b6c-8900-4403-9909-5c1a607cc59b",
              "parentUUID": "820847c2-93bf-470f-b72f-c17fbc1d56c0",
              "isHook": false,
              "skipped": false
            }
          ],
          "suites": [],
          "passes": [
            "5f5b9b6c-8900-4403-9909-5c1a607cc59b"
          ],
          "failures": [],
          "pending": [],
          "skipped": [],
          "duration": 174,
          "root": false,
          "rootEmpty": false,
          "_timeout": 2000
        }
      ],
      "passes": [],
      "failures": [],
      "pending": [],
      "skipped": [],
      "duration": 0,
      "root": true,
      "rootEmpty": true,
      "_timeout": 2000
    }
  ],
  "meta": {
    "mocha": {
      "version": "7.2.0"
    },
    "mochawesome": {
      "options": {
        "quiet": false,
        "reportFilename": "mochawesome",
        "saveHtml": false,
        "saveJson": true,
        "consoleReporter": "spec",
        "useInlineDiffs": false,
        "code": true
      },
      "version": "7.1.3"
    },
    "marge": {
      "options": {
        "reportDir": "results",
        "overwrite": false,
        "html": false,
        "json": true
      },
      "version": "6.2.0"
    }
  }
}