{
  "stats": {
    "suites": 1,
    "tests": 1,
    "passes": 1,
    "pending": 0,
    "failures": 0,
    "start": "2025-04-15T09:53:57.315Z",
    "end": "2025-04-15T09:53:58.152Z",
    "duration": 837,
    "testsRegistered": 1,
    "passPercent": 100,
    "pendingPercent": 0,
    "other": 0,
    "hasOther": false,
    "skipped": 0,
    "hasSkipped": false
  },
  "results": [
    {
      "uuid": "4c9ca045-6b6d-4278-a132-773a9521c165",
      "title": "",
      "fullFile": "cypress/api-test/05-DELETE-request.js",
      "file": "cypress/api-test/05-DELETE-request.js",
      "beforeHooks": [],
      "afterHooks": [],
      "tests": [],
      "suites": [
        {
          "uuid": "7010d6ea-5950-4b2e-b36f-225cb0178511",
          "title": "Testing DELETE method",
          "fullFile": "",
          "file": "",
          "beforeHooks": [],
          "afterHooks": [],
          "tests": [
            {
              "title": "should be able to send a DELETE request with Cypress",
              "fullTitle": "Testing DELETE method should be able to send a DELETE request with Cypress",
              "timedOut": null,
              "duration": 737,
              "state": "passed",
              "speed": "fast",
              "pass": true,
              "fail": false,
              "pending": false,
              "context": null,
              "code": "cy.request({\n  method: _methods.DEFAULT.delete,\n  url: 'https://jsonplaceholder.typicode.com/posts/1'\n}).then(res => {\n  expect(res.status).to.eq(200, 'verifing responce header');\n});",
              "err": {},
              "uuid": "cb6641ae-0770-4d9e-895e-afe24344f60d",
              "parentUUID": "7010d6ea-5950-4b2e-b36f-225cb0178511",
              "isHook": false,
              "skipped": false
            }
          ],
          "suites": [],
          "passes": [
            "cb6641ae-0770-4d9e-895e-afe24344f60d"
          ],
          "failures": [],
          "pending": [],
          "skipped": [],
          "duration": 737,
          "root": false,
          "rootEmpty": false,
          "_timeout": 2000
        }
      ],
      "passes": [],
      "failures": [],
      "pending": [],
      "skipped": [],
      "duration": 0,
      "root": true,
      "rootEmpty": true,
      "_timeout": 2000
    }
  ],
  "meta": {
    "mocha": {
      "version": "7.2.0"
    },
    "mochawesome": {
      "options": {
        "quiet": false,
        "reportFilename": "mochawesome",
        "saveHtml": false,
        "saveJson": true,
        "consoleReporter": "spec",
        "useInlineDiffs": false,
        "code": true
      },
      "version": "7.1.3"
    },
    "marge": {
      "options": {
        "reportDir": "results",
        "overwrite": false,
        "html": false,
        "json": true
      },
      "version": "6.2.0"
    }
  }
}